<?xml version="1.0" encoding="UTF-8"?>
<!-- Generated by org.testng.reporters.JUnitReportReporter -->
<testsuite hostname="ip-192-168-10-52.ap-south-1.compute.internal" failures="0" tests="1" name="com.epikso.getmatrix.testcases.Getmatrix" time="6.859" errors="0" timestamp="24 Sep 2019 11:29:50 GMT" skipped="0">
  <testcase classname="com.epikso.getmatrix.testcases.Getmatrix" name="readSpeed" time="6.859"/>
</testsuite> <!-- com.epikso.getmatrix.testcases.Getmatrix -->
