<?xml version="1.0" encoding="UTF-8"?>
<!-- Generated by org.testng.reporters.JUnitReportReporter -->
<testsuite hostname="Ajay-MacBook-Air.local" failures="0" tests="1" name="com.epikso.getmatrix.testcases.WebsiteSpeed" time="1181.311" errors="0" timestamp="25 Sep 2019 21:30:45 GMT" skipped="0">
  <testcase classname="com.epikso.getmatrix.testcases.WebsiteSpeed" name="getSpeed" time="1181.311"/>
</testsuite> <!-- com.epikso.getmatrix.testcases.WebsiteSpeed -->
